INFO:root:2017-04-18 08:54:45启动WXHotWordSpider
INFO:root:重复启动爬虫的时间间隔为：2.0
INFO:root:2017-04-18 08:54:58抓取完毕
INFO:root:将等待1.0小时,即在2017-04-18 09:54:58再次启动。
INFO:root:----------------------------------------------------------------------------------------------------------------
INFO:root:----------------------------------------------------------------------------------------------------------------
INFO:root:----------------------------------------------------------------------------------------------------------------
INFO:root:2017-04-18 09:38:30启动WXHotWordSpider
INFO:root:重复启动爬虫的时间间隔为：2.0
INFO:root:2017-04-18 09:38:35抓取完毕
INFO:root:将等待1.0小时,即在2017-04-18 10:38:35再次启动。
INFO:root:----------------------------------------------------------------------------------------------------------------
INFO:root:----------------------------------------------------------------------------------------------------------------
INFO:root:----------------------------------------------------------------------------------------------------------------
INFO:root:2017-04-18 09:38:42启动WXHotWordSpider
INFO:root:重复启动爬虫的时间间隔为：2.0
INFO:root:2017-04-18 09:38:49抓取完毕
INFO:root:将等待1.0小时,即在2017-04-18 10:38:49再次启动。
INFO:root:----------------------------------------------------------------------------------------------------------------
INFO:root:----------------------------------------------------------------------------------------------------------------
INFO:root:----------------------------------------------------------------------------------------------------------------
INFO:root:2017-04-18 09:43:21启动WXHotWordSpider
INFO:root:重复启动爬虫的时间间隔为：2.0
INFO:root:2017-04-18 09:43:25抓取完毕
INFO:root:将等待1.0小时,即在2017-04-18 10:43:25再次启动。
INFO:root:----------------------------------------------------------------------------------------------------------------
INFO:root:----------------------------------------------------------------------------------------------------------------
INFO:root:----------------------------------------------------------------------------------------------------------------
INFO:root:2017-04-18 09:43:51启动WXHotWordSpider
INFO:root:重复启动爬虫的时间间隔为：2.0
INFO:root:2017-04-18 09:43:58抓取完毕
INFO:root:将等待1.0小时,即在2017-04-18 10:43:58再次启动。
INFO:root:----------------------------------------------------------------------------------------------------------------
INFO:root:----------------------------------------------------------------------------------------------------------------
INFO:root:----------------------------------------------------------------------------------------------------------------
INFO:root:2017-04-18 09:46:23启动WXHotWordSpider
INFO:root:重复启动爬虫的时间间隔为：2.0
INFO:root:2017-04-18 09:46:29抓取完毕
INFO:root:将等待1.0小时,即在2017-04-18 10:46:29再次启动。
INFO:root:----------------------------------------------------------------------------------------------------------------
INFO:root:----------------------------------------------------------------------------------------------------------------
INFO:root:----------------------------------------------------------------------------------------------------------------
INFO:root:2017-04-18 10:10:32启动WXHotWordSpider
INFO:root:重复启动爬虫的时间间隔为：2.0
INFO:root:2017-04-18 10:10:38抓取完毕
INFO:root:将等待1.0小时,即在2017-04-18 11:10:38再次启动。
INFO:root:----------------------------------------------------------------------------------------------------------------
INFO:root:----------------------------------------------------------------------------------------------------------------
INFO:root:----------------------------------------------------------------------------------------------------------------
INFO:root:2017-04-18 10:26:02启动WXHotWordSpider
INFO:root:重复启动爬虫的时间间隔为：2.0
INFO:root:2017-04-18 10:26:08抓取完毕
INFO:root:将等待1.0小时,即在2017-04-18 11:26:08再次启动。
INFO:root:----------------------------------------------------------------------------------------------------------------
INFO:root:----------------------------------------------------------------------------------------------------------------
INFO:root:----------------------------------------------------------------------------------------------------------------
INFO:root:2017-04-18 10:27:19启动WXHotWordSpider
INFO:root:重复启动爬虫的时间间隔为：2.0
INFO:root:2017-04-18 10:27:27抓取完毕
INFO:root:将等待1.0小时,即在2017-04-18 11:27:27再次启动。
INFO:root:----------------------------------------------------------------------------------------------------------------
INFO:root:----------------------------------------------------------------------------------------------------------------
INFO:root:----------------------------------------------------------------------------------------------------------------
INFO:root:2017-04-18 11:36:43启动WXHotWordSpider
INFO:root:重复启动爬虫的时间间隔为：2.0
INFO:root:2017-04-18 11:37:07启动WXHotWordSpider
INFO:root:重复启动爬虫的时间间隔为：2.0
INFO:root:2017-04-18 11:38:28抓取完毕
INFO:root:将等待1.0小时,即在2017-04-18 12:38:28再次启动。
INFO:root:----------------------------------------------------------------------------------------------------------------
INFO:root:----------------------------------------------------------------------------------------------------------------
INFO:root:----------------------------------------------------------------------------------------------------------------
INFO:root:2017-04-18 12:38:28启动WXHotWordSpider
INFO:root:重复启动爬虫的时间间隔为：1.0
INFO:root:2017-04-18 12:39:13抓取完毕
INFO:root:将等待0.0小时,即在2017-04-18 12:39:13再次启动。
INFO:root:----------------------------------------------------------------------------------------------------------------
INFO:root:----------------------------------------------------------------------------------------------------------------
INFO:root:----------------------------------------------------------------------------------------------------------------
INFO:root:2017-04-18 12:39:13启动WXHotWordSpider
INFO:root:重复启动爬虫的时间间隔为：0.0
INFO:root:2017-04-18 12:39:54抓取完毕
INFO:root:将等待-1.0小时,即在2017-04-18 11:39:54再次启动。
INFO:root:----------------------------------------------------------------------------------------------------------------
INFO:root:----------------------------------------------------------------------------------------------------------------
INFO:root:----------------------------------------------------------------------------------------------------------------
INFO:root:2017-04-18 13:48:52启动WXHotWordSpider
INFO:root:重复启动爬虫的时间间隔为：1.0
INFO:root:2017-04-18 13:49:12抓取完毕
INFO:root:将等待1.0小时,即在2017-04-18 14:49:12再次启动。
INFO:root:----------------------------------------------------------------------------------------------------------------
INFO:root:----------------------------------------------------------------------------------------------------------------
INFO:root:----------------------------------------------------------------------------------------------------------------
INFO:root:2017-04-18 13:52:08启动WXHotWordSpider
INFO:root:重复启动爬虫的时间间隔为：1.0
INFO:root:2017-04-18 13:52:15抓取完毕
INFO:root:将等待1.0小时,即在2017-04-18 14:52:15再次启动。
INFO:root:----------------------------------------------------------------------------------------------------------------
INFO:root:----------------------------------------------------------------------------------------------------------------
INFO:root:----------------------------------------------------------------------------------------------------------------
INFO:root:2017-04-18 13:53:41启动WXHotWordSpider
INFO:root:重复启动爬虫的时间间隔为：1.0
INFO:root:2017-04-18 13:53:48抓取完毕
INFO:root:将等待1.0小时,即在2017-04-18 14:53:48再次启动。
INFO:root:----------------------------------------------------------------------------------------------------------------
INFO:root:----------------------------------------------------------------------------------------------------------------
INFO:root:----------------------------------------------------------------------------------------------------------------
INFO:root:2017-04-22 11:02:30启动WXHotWordSpider
INFO:root:重复启动爬虫的时间间隔为：1.0
INFO:root:2017-04-22 11:06:02抓取完毕
INFO:root:将等待1.0小时,即在2017-04-22 12:06:02再次启动。
INFO:root:----------------------------------------------------------------------------------------------------------------
INFO:root:----------------------------------------------------------------------------------------------------------------
INFO:root:----------------------------------------------------------------------------------------------------------------
INFO:root:2017-04-22 11:14:07启动WXHotWordSpider
INFO:root:重复启动爬虫的时间间隔为：1.0
INFO:root:2017-04-22 11:14:46启动WXHotWordSpider
INFO:root:重复启动爬虫的时间间隔为：1.0
INFO:root:2017-04-22 11:18:05抓取完毕
INFO:root:将等待1.0小时,即在2017-04-22 12:18:05再次启动。
INFO:root:----------------------------------------------------------------------------------------------------------------
INFO:root:----------------------------------------------------------------------------------------------------------------
INFO:root:----------------------------------------------------------------------------------------------------------------
INFO:root:2017-04-22 12:18:05启动WXHotWordSpider
INFO:root:重复启动爬虫的时间间隔为：1.0
INFO:root:2017-04-22 12:21:25抓取完毕
INFO:root:将等待1.0小时,即在2017-04-22 13:21:25再次启动。
INFO:root:----------------------------------------------------------------------------------------------------------------
INFO:root:----------------------------------------------------------------------------------------------------------------
INFO:root:----------------------------------------------------------------------------------------------------------------
INFO:root:2017-04-22 13:21:25启动WXHotWordSpider
INFO:root:重复启动爬虫的时间间隔为：1.0
INFO:root:2017-04-22 13:24:36抓取完毕
INFO:root:将等待1.0小时,即在2017-04-22 14:24:36再次启动。
INFO:root:----------------------------------------------------------------------------------------------------------------
INFO:root:----------------------------------------------------------------------------------------------------------------
INFO:root:----------------------------------------------------------------------------------------------------------------
INFO:root:2017-04-22 14:24:36启动WXHotWordSpider
INFO:root:重复启动爬虫的时间间隔为：1.0
INFO:root:2017-04-22 14:28:05抓取完毕
INFO:root:将等待1.0小时,即在2017-04-22 15:28:05再次启动。
INFO:root:----------------------------------------------------------------------------------------------------------------
INFO:root:----------------------------------------------------------------------------------------------------------------
INFO:root:----------------------------------------------------------------------------------------------------------------
INFO:root:2017-04-22 15:28:05启动WXHotWordSpider
INFO:root:重复启动爬虫的时间间隔为：1.0
INFO:root:2017-04-22 15:31:33抓取完毕
INFO:root:将等待1.0小时,即在2017-04-22 16:31:33再次启动。
INFO:root:----------------------------------------------------------------------------------------------------------------
INFO:root:----------------------------------------------------------------------------------------------------------------
INFO:root:----------------------------------------------------------------------------------------------------------------
INFO:root:2017-04-22 16:31:33启动WXHotWordSpider
INFO:root:重复启动爬虫的时间间隔为：1.0
INFO:root:2017-04-22 16:34:43抓取完毕
INFO:root:将等待1.0小时,即在2017-04-22 17:34:43再次启动。
INFO:root:----------------------------------------------------------------------------------------------------------------
INFO:root:----------------------------------------------------------------------------------------------------------------
INFO:root:----------------------------------------------------------------------------------------------------------------
INFO:root:2017-04-22 17:34:43启动WXHotWordSpider
INFO:root:重复启动爬虫的时间间隔为：1.0
INFO:root:2017-04-22 17:38:00抓取完毕
INFO:root:将等待1.0小时,即在2017-04-22 18:38:00再次启动。
INFO:root:----------------------------------------------------------------------------------------------------------------
INFO:root:----------------------------------------------------------------------------------------------------------------
INFO:root:----------------------------------------------------------------------------------------------------------------
INFO:root:2017-04-22 18:38:00启动WXHotWordSpider
INFO:root:重复启动爬虫的时间间隔为：1.0
INFO:root:2017-04-22 18:41:09抓取完毕
INFO:root:将等待1.0小时,即在2017-04-22 19:41:09再次启动。
INFO:root:----------------------------------------------------------------------------------------------------------------
INFO:root:----------------------------------------------------------------------------------------------------------------
INFO:root:----------------------------------------------------------------------------------------------------------------
INFO:root:2017-04-22 19:41:09启动WXHotWordSpider
INFO:root:重复启动爬虫的时间间隔为：1.0
INFO:root:2017-04-22 19:44:27抓取完毕
INFO:root:将等待1.0小时,即在2017-04-22 20:44:27再次启动。
INFO:root:----------------------------------------------------------------------------------------------------------------
INFO:root:----------------------------------------------------------------------------------------------------------------
INFO:root:----------------------------------------------------------------------------------------------------------------
INFO:root:2017-04-22 20:44:27启动WXHotWordSpider
INFO:root:重复启动爬虫的时间间隔为：1.0
INFO:root:2017-04-22 20:47:47抓取完毕
INFO:root:将等待1.0小时,即在2017-04-22 21:47:47再次启动。
INFO:root:----------------------------------------------------------------------------------------------------------------
INFO:root:----------------------------------------------------------------------------------------------------------------
INFO:root:----------------------------------------------------------------------------------------------------------------
INFO:root:2017-04-22 21:47:47启动WXHotWordSpider
INFO:root:重复启动爬虫的时间间隔为：1.0
INFO:root:2017-04-22 21:51:12抓取完毕
INFO:root:将等待1.0小时,即在2017-04-22 22:51:12再次启动。
INFO:root:----------------------------------------------------------------------------------------------------------------
INFO:root:----------------------------------------------------------------------------------------------------------------
INFO:root:----------------------------------------------------------------------------------------------------------------
INFO:root:2017-04-22 22:51:12启动WXHotWordSpider
INFO:root:重复启动爬虫的时间间隔为：1.0
INFO:root:2017-04-22 22:54:41抓取完毕
INFO:root:将等待1.0小时,即在2017-04-22 23:54:41再次启动。
INFO:root:----------------------------------------------------------------------------------------------------------------
INFO:root:----------------------------------------------------------------------------------------------------------------
INFO:root:----------------------------------------------------------------------------------------------------------------
INFO:root:2017-04-22 23:54:41启动WXHotWordSpider
INFO:root:重复启动爬虫的时间间隔为：1.0
INFO:root:2017-04-22 23:58:09抓取完毕
INFO:root:将等待1.0小时,即在2017-04-23 00:58:09再次启动。
INFO:root:----------------------------------------------------------------------------------------------------------------
INFO:root:----------------------------------------------------------------------------------------------------------------
INFO:root:----------------------------------------------------------------------------------------------------------------
INFO:root:2017-04-23 00:58:09启动WXHotWordSpider
INFO:root:重复启动爬虫的时间间隔为：1.0
INFO:root:2017-04-23 01:01:30抓取完毕
INFO:root:将等待1.0小时,即在2017-04-23 02:01:30再次启动。
INFO:root:----------------------------------------------------------------------------------------------------------------
INFO:root:----------------------------------------------------------------------------------------------------------------
INFO:root:----------------------------------------------------------------------------------------------------------------
INFO:root:2017-04-23 02:01:30启动WXHotWordSpider
INFO:root:重复启动爬虫的时间间隔为：1.0
INFO:root:2017-04-23 02:04:54抓取完毕
INFO:root:将等待1.0小时,即在2017-04-23 03:04:54再次启动。
INFO:root:----------------------------------------------------------------------------------------------------------------
INFO:root:----------------------------------------------------------------------------------------------------------------
INFO:root:----------------------------------------------------------------------------------------------------------------
INFO:root:2017-04-23 03:04:54启动WXHotWordSpider
INFO:root:重复启动爬虫的时间间隔为：1.0
INFO:root:2017-04-23 03:08:20抓取完毕
INFO:root:将等待1.0小时,即在2017-04-23 04:08:20再次启动。
INFO:root:----------------------------------------------------------------------------------------------------------------
INFO:root:----------------------------------------------------------------------------------------------------------------
INFO:root:----------------------------------------------------------------------------------------------------------------
INFO:root:2017-04-23 04:08:20启动WXHotWordSpider
INFO:root:重复启动爬虫的时间间隔为：1.0
INFO:root:2017-04-23 04:11:36抓取完毕
INFO:root:将等待1.0小时,即在2017-04-23 05:11:36再次启动。
INFO:root:----------------------------------------------------------------------------------------------------------------
INFO:root:----------------------------------------------------------------------------------------------------------------
INFO:root:----------------------------------------------------------------------------------------------------------------
INFO:root:2017-04-23 05:11:36启动WXHotWordSpider
INFO:root:重复启动爬虫的时间间隔为：1.0
INFO:root:2017-04-23 05:15:05抓取完毕
INFO:root:将等待1.0小时,即在2017-04-23 06:15:05再次启动。
INFO:root:----------------------------------------------------------------------------------------------------------------
INFO:root:----------------------------------------------------------------------------------------------------------------
INFO:root:----------------------------------------------------------------------------------------------------------------
INFO:root:2017-04-23 06:15:05启动WXHotWordSpider
INFO:root:重复启动爬虫的时间间隔为：1.0
INFO:root:2017-04-23 06:18:31抓取完毕
INFO:root:将等待1.0小时,即在2017-04-23 07:18:31再次启动。
INFO:root:----------------------------------------------------------------------------------------------------------------
INFO:root:----------------------------------------------------------------------------------------------------------------
INFO:root:----------------------------------------------------------------------------------------------------------------
INFO:root:2017-04-23 07:18:31启动WXHotWordSpider
INFO:root:重复启动爬虫的时间间隔为：1.0
INFO:root:2017-04-23 07:21:34抓取完毕
INFO:root:将等待1.0小时,即在2017-04-23 08:21:34再次启动。
INFO:root:----------------------------------------------------------------------------------------------------------------
INFO:root:----------------------------------------------------------------------------------------------------------------
INFO:root:----------------------------------------------------------------------------------------------------------------
INFO:root:2017-04-23 08:21:34启动WXHotWordSpider
INFO:root:重复启动爬虫的时间间隔为：1.0
INFO:root:2017-04-23 08:24:59抓取完毕
INFO:root:将等待1.0小时,即在2017-04-23 09:24:59再次启动。
INFO:root:----------------------------------------------------------------------------------------------------------------
INFO:root:----------------------------------------------------------------------------------------------------------------
INFO:root:----------------------------------------------------------------------------------------------------------------
INFO:root:2017-04-23 09:24:59启动WXHotWordSpider
INFO:root:重复启动爬虫的时间间隔为：1.0
INFO:root:2017-04-23 09:28:26抓取完毕
INFO:root:将等待1.0小时,即在2017-04-23 10:28:26再次启动。
INFO:root:----------------------------------------------------------------------------------------------------------------
INFO:root:----------------------------------------------------------------------------------------------------------------
INFO:root:----------------------------------------------------------------------------------------------------------------
INFO:root:2017-04-23 10:28:26启动WXHotWordSpider
INFO:root:重复启动爬虫的时间间隔为：1.0
INFO:root:2017-04-23 10:31:51抓取完毕
INFO:root:将等待1.0小时,即在2017-04-23 11:31:51再次启动。
INFO:root:----------------------------------------------------------------------------------------------------------------
INFO:root:----------------------------------------------------------------------------------------------------------------
INFO:root:----------------------------------------------------------------------------------------------------------------
INFO:root:2017-04-23 11:31:51启动WXHotWordSpider
INFO:root:重复启动爬虫的时间间隔为：1.0
INFO:root:2017-04-23 11:42:14抓取完毕
INFO:root:将等待1.0小时,即在2017-04-23 12:42:14再次启动。
INFO:root:----------------------------------------------------------------------------------------------------------------
INFO:root:----------------------------------------------------------------------------------------------------------------
INFO:root:----------------------------------------------------------------------------------------------------------------
INFO:root:2017-04-23 12:42:14启动WXHotWordSpider
INFO:root:重复启动爬虫的时间间隔为：1.0
INFO:root:2017-04-23 12:45:40抓取完毕
INFO:root:将等待1.0小时,即在2017-04-23 13:45:40再次启动。
INFO:root:----------------------------------------------------------------------------------------------------------------
INFO:root:----------------------------------------------------------------------------------------------------------------
INFO:root:----------------------------------------------------------------------------------------------------------------
INFO:root:2017-04-23 13:45:40启动WXHotWordSpider
INFO:root:重复启动爬虫的时间间隔为：1.0
INFO:root:2017-04-23 13:49:09抓取完毕
INFO:root:将等待1.0小时,即在2017-04-23 14:49:09再次启动。
INFO:root:----------------------------------------------------------------------------------------------------------------
INFO:root:----------------------------------------------------------------------------------------------------------------
INFO:root:----------------------------------------------------------------------------------------------------------------
INFO:root:2017-04-23 14:49:09启动WXHotWordSpider
INFO:root:重复启动爬虫的时间间隔为：1.0
INFO:root:2017-04-23 14:52:19抓取完毕
INFO:root:将等待1.0小时,即在2017-04-23 15:52:19再次启动。
INFO:root:----------------------------------------------------------------------------------------------------------------
INFO:root:----------------------------------------------------------------------------------------------------------------
INFO:root:----------------------------------------------------------------------------------------------------------------
INFO:root:2017-04-23 15:52:19启动WXHotWordSpider
INFO:root:重复启动爬虫的时间间隔为：1.0
INFO:root:2017-04-23 15:55:43抓取完毕
INFO:root:将等待1.0小时,即在2017-04-23 16:55:43再次启动。
INFO:root:----------------------------------------------------------------------------------------------------------------
INFO:root:----------------------------------------------------------------------------------------------------------------
INFO:root:----------------------------------------------------------------------------------------------------------------
INFO:root:2017-04-23 16:55:43启动WXHotWordSpider
INFO:root:重复启动爬虫的时间间隔为：1.0
INFO:root:2017-04-23 16:59:15抓取完毕
INFO:root:将等待1.0小时,即在2017-04-23 17:59:15再次启动。
INFO:root:----------------------------------------------------------------------------------------------------------------
INFO:root:----------------------------------------------------------------------------------------------------------------
INFO:root:----------------------------------------------------------------------------------------------------------------
INFO:root:2017-04-23 17:59:15启动WXHotWordSpider
INFO:root:重复启动爬虫的时间间隔为：1.0
INFO:root:2017-04-23 18:02:59抓取完毕
INFO:root:将等待1.0小时,即在2017-04-23 19:02:59再次启动。
INFO:root:----------------------------------------------------------------------------------------------------------------
INFO:root:----------------------------------------------------------------------------------------------------------------
INFO:root:----------------------------------------------------------------------------------------------------------------
INFO:root:2017-04-23 19:02:59启动WXHotWordSpider
INFO:root:重复启动爬虫的时间间隔为：1.0
INFO:root:2017-04-23 19:06:27抓取完毕
INFO:root:将等待1.0小时,即在2017-04-23 20:06:27再次启动。
INFO:root:----------------------------------------------------------------------------------------------------------------
INFO:root:----------------------------------------------------------------------------------------------------------------
INFO:root:----------------------------------------------------------------------------------------------------------------
INFO:root:2017-04-23 20:06:27启动WXHotWordSpider
INFO:root:重复启动爬虫的时间间隔为：1.0
INFO:root:2017-04-23 20:10:07抓取完毕
INFO:root:将等待1.0小时,即在2017-04-23 21:10:07再次启动。
INFO:root:----------------------------------------------------------------------------------------------------------------
INFO:root:----------------------------------------------------------------------------------------------------------------
INFO:root:----------------------------------------------------------------------------------------------------------------
INFO:root:2017-04-23 21:10:07启动WXHotWordSpider
INFO:root:重复启动爬虫的时间间隔为：1.0
INFO:root:2017-04-23 21:13:52抓取完毕
INFO:root:将等待1.0小时,即在2017-04-23 22:13:52再次启动。
INFO:root:----------------------------------------------------------------------------------------------------------------
INFO:root:----------------------------------------------------------------------------------------------------------------
INFO:root:----------------------------------------------------------------------------------------------------------------
INFO:root:2017-04-23 22:13:52启动WXHotWordSpider
INFO:root:重复启动爬虫的时间间隔为：1.0
INFO:root:2017-04-23 22:17:27抓取完毕
INFO:root:将等待1.0小时,即在2017-04-23 23:17:27再次启动。
INFO:root:----------------------------------------------------------------------------------------------------------------
INFO:root:----------------------------------------------------------------------------------------------------------------
INFO:root:----------------------------------------------------------------------------------------------------------------
INFO:root:2017-04-23 23:17:27启动WXHotWordSpider
INFO:root:重复启动爬虫的时间间隔为：1.0
INFO:root:2017-04-23 23:20:56抓取完毕
INFO:root:将等待1.0小时,即在2017-04-24 00:20:56再次启动。
INFO:root:----------------------------------------------------------------------------------------------------------------
INFO:root:----------------------------------------------------------------------------------------------------------------
INFO:root:----------------------------------------------------------------------------------------------------------------
INFO:root:2017-04-24 00:20:56启动WXHotWordSpider
INFO:root:重复启动爬虫的时间间隔为：1.0
INFO:root:2017-04-24 00:24:25抓取完毕
INFO:root:将等待1.0小时,即在2017-04-24 01:24:25再次启动。
INFO:root:----------------------------------------------------------------------------------------------------------------
INFO:root:----------------------------------------------------------------------------------------------------------------
INFO:root:----------------------------------------------------------------------------------------------------------------
INFO:root:2017-04-24 01:24:25启动WXHotWordSpider
INFO:root:重复启动爬虫的时间间隔为：1.0
INFO:root:2017-04-24 01:27:53抓取完毕
INFO:root:将等待1.0小时,即在2017-04-24 02:27:53再次启动。
INFO:root:----------------------------------------------------------------------------------------------------------------
INFO:root:----------------------------------------------------------------------------------------------------------------
INFO:root:----------------------------------------------------------------------------------------------------------------
INFO:root:2017-04-24 02:27:53启动WXHotWordSpider
INFO:root:重复启动爬虫的时间间隔为：1.0
INFO:root:2017-04-24 02:31:26抓取完毕
INFO:root:将等待1.0小时,即在2017-04-24 03:31:26再次启动。
INFO:root:----------------------------------------------------------------------------------------------------------------
INFO:root:----------------------------------------------------------------------------------------------------------------
INFO:root:----------------------------------------------------------------------------------------------------------------
INFO:root:2017-04-24 03:31:26启动WXHotWordSpider
INFO:root:重复启动爬虫的时间间隔为：1.0
INFO:root:2017-04-24 03:35:01抓取完毕
INFO:root:将等待1.0小时,即在2017-04-24 04:35:01再次启动。
INFO:root:----------------------------------------------------------------------------------------------------------------
INFO:root:----------------------------------------------------------------------------------------------------------------
INFO:root:----------------------------------------------------------------------------------------------------------------
INFO:root:2017-04-24 04:35:01启动WXHotWordSpider
INFO:root:重复启动爬虫的时间间隔为：1.0
INFO:root:2017-04-24 04:38:34抓取完毕
INFO:root:将等待1.0小时,即在2017-04-24 05:38:34再次启动。
INFO:root:----------------------------------------------------------------------------------------------------------------
INFO:root:----------------------------------------------------------------------------------------------------------------
INFO:root:----------------------------------------------------------------------------------------------------------------
INFO:root:2017-04-24 05:38:34启动WXHotWordSpider
INFO:root:重复启动爬虫的时间间隔为：1.0
INFO:root:2017-04-24 05:42:13抓取完毕
INFO:root:将等待1.0小时,即在2017-04-24 06:42:13再次启动。
INFO:root:----------------------------------------------------------------------------------------------------------------
INFO:root:----------------------------------------------------------------------------------------------------------------
INFO:root:----------------------------------------------------------------------------------------------------------------
INFO:root:2017-04-24 06:42:13启动WXHotWordSpider
INFO:root:重复启动爬虫的时间间隔为：1.0
INFO:root:2017-04-24 06:45:44抓取完毕
INFO:root:将等待1.0小时,即在2017-04-24 07:45:44再次启动。
INFO:root:----------------------------------------------------------------------------------------------------------------
INFO:root:----------------------------------------------------------------------------------------------------------------
INFO:root:----------------------------------------------------------------------------------------------------------------
INFO:root:2017-04-24 07:45:44启动WXHotWordSpider
INFO:root:重复启动爬虫的时间间隔为：1.0
INFO:root:2017-04-24 07:49:16抓取完毕
INFO:root:将等待1.0小时,即在2017-04-24 08:49:16再次启动。
INFO:root:----------------------------------------------------------------------------------------------------------------
INFO:root:----------------------------------------------------------------------------------------------------------------
INFO:root:----------------------------------------------------------------------------------------------------------------
INFO:root:2017-04-24 08:49:16启动WXHotWordSpider
INFO:root:重复启动爬虫的时间间隔为：1.0
INFO:root:2017-04-24 08:52:40抓取完毕
INFO:root:将等待1.0小时,即在2017-04-24 09:52:40再次启动。
INFO:root:----------------------------------------------------------------------------------------------------------------
INFO:root:----------------------------------------------------------------------------------------------------------------
INFO:root:----------------------------------------------------------------------------------------------------------------
INFO:root:2017-05-16 17:39:30启动WXHotWordSpider
INFO:root:重复启动爬虫的时间间隔为：1.0
INFO:root:2017-05-16 17:42:47抓取完毕
INFO:root:将等待1.0小时,即在2017-05-16 18:42:47再次启动。
INFO:root:----------------------------------------------------------------------------------------------------------------
INFO:root:----------------------------------------------------------------------------------------------------------------
INFO:root:----------------------------------------------------------------------------------------------------------------
INFO:root:2017-05-16 18:42:47启动WXHotWordSpider
INFO:root:重复启动爬虫的时间间隔为：1.0
INFO:root:2017-05-16 18:46:09抓取完毕
INFO:root:将等待1.0小时,即在2017-05-16 19:46:09再次启动。
INFO:root:----------------------------------------------------------------------------------------------------------------
INFO:root:----------------------------------------------------------------------------------------------------------------
INFO:root:----------------------------------------------------------------------------------------------------------------
INFO:root:2017-05-16 19:46:09启动WXHotWordSpider
INFO:root:重复启动爬虫的时间间隔为：1.0
INFO:root:2017-05-16 19:49:31抓取完毕
INFO:root:将等待1.0小时,即在2017-05-16 20:49:31再次启动。
INFO:root:----------------------------------------------------------------------------------------------------------------
INFO:root:----------------------------------------------------------------------------------------------------------------
INFO:root:----------------------------------------------------------------------------------------------------------------
INFO:root:2017-05-16 20:49:31启动WXHotWordSpider
INFO:root:重复启动爬虫的时间间隔为：1.0
INFO:root:2017-05-16 20:53:02抓取完毕
INFO:root:将等待1.0小时,即在2017-05-16 21:53:02再次启动。
INFO:root:----------------------------------------------------------------------------------------------------------------
INFO:root:----------------------------------------------------------------------------------------------------------------
INFO:root:----------------------------------------------------------------------------------------------------------------
INFO:root:2017-05-16 21:53:02启动WXHotWordSpider
INFO:root:重复启动爬虫的时间间隔为：1.0
INFO:root:2017-05-16 21:56:16抓取完毕
INFO:root:将等待1.0小时,即在2017-05-16 22:56:16再次启动。
INFO:root:----------------------------------------------------------------------------------------------------------------
INFO:root:----------------------------------------------------------------------------------------------------------------
INFO:root:----------------------------------------------------------------------------------------------------------------
INFO:root:2017-05-16 22:56:16启动WXHotWordSpider
INFO:root:重复启动爬虫的时间间隔为：1.0
INFO:root:2017-05-16 22:59:43抓取完毕
INFO:root:将等待1.0小时,即在2017-05-16 23:59:43再次启动。
INFO:root:----------------------------------------------------------------------------------------------------------------
INFO:root:----------------------------------------------------------------------------------------------------------------
INFO:root:----------------------------------------------------------------------------------------------------------------
INFO:root:2017-05-16 23:59:43启动WXHotWordSpider
INFO:root:重复启动爬虫的时间间隔为：1.0
INFO:root:2017-05-17 00:03:03抓取完毕
INFO:root:将等待1.0小时,即在2017-05-17 01:03:03再次启动。
INFO:root:----------------------------------------------------------------------------------------------------------------
INFO:root:----------------------------------------------------------------------------------------------------------------
INFO:root:----------------------------------------------------------------------------------------------------------------
INFO:root:2017-05-17 01:03:03启动WXHotWordSpider
INFO:root:重复启动爬虫的时间间隔为：1.0
INFO:root:2017-05-17 01:06:13抓取完毕
INFO:root:将等待1.0小时,即在2017-05-17 02:06:13再次启动。
INFO:root:----------------------------------------------------------------------------------------------------------------
INFO:root:----------------------------------------------------------------------------------------------------------------
INFO:root:----------------------------------------------------------------------------------------------------------------
INFO:root:2017-05-17 02:06:13启动WXHotWordSpider
INFO:root:重复启动爬虫的时间间隔为：1.0
INFO:root:2017-05-17 02:09:43抓取完毕
INFO:root:将等待1.0小时,即在2017-05-17 03:09:43再次启动。
INFO:root:----------------------------------------------------------------------------------------------------------------
INFO:root:----------------------------------------------------------------------------------------------------------------
INFO:root:----------------------------------------------------------------------------------------------------------------
INFO:root:2017-05-17 03:09:43启动WXHotWordSpider
INFO:root:重复启动爬虫的时间间隔为：1.0
INFO:root:2017-05-17 03:13:11抓取完毕
INFO:root:将等待1.0小时,即在2017-05-17 04:13:11再次启动。
INFO:root:----------------------------------------------------------------------------------------------------------------
INFO:root:----------------------------------------------------------------------------------------------------------------
INFO:root:----------------------------------------------------------------------------------------------------------------
INFO:root:2017-05-17 04:13:11启动WXHotWordSpider
INFO:root:重复启动爬虫的时间间隔为：1.0
INFO:root:2017-05-17 04:16:40抓取完毕
INFO:root:将等待1.0小时,即在2017-05-17 05:16:40再次启动。
INFO:root:----------------------------------------------------------------------------------------------------------------
INFO:root:----------------------------------------------------------------------------------------------------------------
INFO:root:----------------------------------------------------------------------------------------------------------------
INFO:root:2017-05-17 05:16:40启动WXHotWordSpider
INFO:root:重复启动爬虫的时间间隔为：1.0
INFO:root:2017-05-17 05:20:03抓取完毕
INFO:root:将等待1.0小时,即在2017-05-17 06:20:03再次启动。
INFO:root:----------------------------------------------------------------------------------------------------------------
INFO:root:----------------------------------------------------------------------------------------------------------------
INFO:root:----------------------------------------------------------------------------------------------------------------
INFO:root:2017-05-17 06:20:03启动WXHotWordSpider
INFO:root:重复启动爬虫的时间间隔为：1.0
INFO:root:2017-05-17 06:23:31抓取完毕
INFO:root:将等待1.0小时,即在2017-05-17 07:23:31再次启动。
INFO:root:----------------------------------------------------------------------------------------------------------------
INFO:root:----------------------------------------------------------------------------------------------------------------
INFO:root:----------------------------------------------------------------------------------------------------------------
INFO:root:2017-05-17 07:23:31启动WXHotWordSpider
INFO:root:重复启动爬虫的时间间隔为：1.0
INFO:root:2017-05-17 07:26:59抓取完毕
INFO:root:将等待1.0小时,即在2017-05-17 08:26:59再次启动。
INFO:root:----------------------------------------------------------------------------------------------------------------
INFO:root:----------------------------------------------------------------------------------------------------------------
INFO:root:----------------------------------------------------------------------------------------------------------------
INFO:root:2017-05-17 08:26:59启动WXHotWordSpider
INFO:root:重复启动爬虫的时间间隔为：1.0
INFO:root:2017-05-17 08:30:27抓取完毕
INFO:root:将等待1.0小时,即在2017-05-17 09:30:27再次启动。
INFO:root:----------------------------------------------------------------------------------------------------------------
INFO:root:----------------------------------------------------------------------------------------------------------------
INFO:root:----------------------------------------------------------------------------------------------------------------
INFO:root:2017-05-17 09:30:27启动WXHotWordSpider
INFO:root:重复启动爬虫的时间间隔为：1.0
INFO:root:2017-05-17 09:33:52抓取完毕
INFO:root:将等待1.0小时,即在2017-05-17 10:33:52再次启动。
INFO:root:----------------------------------------------------------------------------------------------------------------
INFO:root:----------------------------------------------------------------------------------------------------------------
INFO:root:----------------------------------------------------------------------------------------------------------------
INFO:root:2017-05-17 11:31:22启动WXHotWordSpider
INFO:root:重复启动爬虫的时间间隔为：1.0
INFO:root:2017-05-17 11:34:51抓取完毕
INFO:root:将等待1.0小时,即在2017-05-17 12:34:51再次启动。
INFO:root:----------------------------------------------------------------------------------------------------------------
INFO:root:----------------------------------------------------------------------------------------------------------------
INFO:root:----------------------------------------------------------------------------------------------------------------
INFO:root:2017-05-17 15:41:02启动WXHotWordSpider
INFO:root:重复启动爬虫的时间间隔为：1.0
INFO:root:2017-05-17 15:44:27抓取完毕
INFO:root:将等待1.0小时,即在2017-05-17 16:44:27再次启动。
INFO:root:----------------------------------------------------------------------------------------------------------------
INFO:root:----------------------------------------------------------------------------------------------------------------
INFO:root:----------------------------------------------------------------------------------------------------------------
INFO:root:2017-05-17 16:44:27启动WXHotWordSpider
INFO:root:重复启动爬虫的时间间隔为：1.0
INFO:root:2017-05-17 16:47:43抓取完毕
INFO:root:将等待1.0小时,即在2017-05-17 17:47:43再次启动。
INFO:root:----------------------------------------------------------------------------------------------------------------
INFO:root:----------------------------------------------------------------------------------------------------------------
INFO:root:----------------------------------------------------------------------------------------------------------------
INFO:root:2017-05-19 08:58:28启动WXHotWordSpider
INFO:root:重复启动爬虫的时间间隔为：1.0
INFO:root:2017-05-19 09:02:00抓取完毕
INFO:root:将等待1.0小时,即在2017-05-19 10:02:00再次启动。
INFO:root:----------------------------------------------------------------------------------------------------------------
INFO:root:----------------------------------------------------------------------------------------------------------------
INFO:root:----------------------------------------------------------------------------------------------------------------
INFO:root:2017-05-19 10:02:00启动WXHotWordSpider
INFO:root:重复启动爬虫的时间间隔为：1.0
INFO:root:2017-05-19 10:05:14抓取完毕
INFO:root:将等待1.0小时,即在2017-05-19 11:05:14再次启动。
INFO:root:----------------------------------------------------------------------------------------------------------------
INFO:root:----------------------------------------------------------------------------------------------------------------
INFO:root:----------------------------------------------------------------------------------------------------------------
INFO:root:2017-05-24 10:39:47启动WXHotWordSpider
INFO:root:重复启动爬虫的时间间隔为：1.0
INFO:root:2017-05-24 10:43:10抓取完毕
INFO:root:将等待1.0小时,即在2017-05-24 11:43:10再次启动。
INFO:root:----------------------------------------------------------------------------------------------------------------
INFO:root:----------------------------------------------------------------------------------------------------------------
INFO:root:----------------------------------------------------------------------------------------------------------------
INFO:root:2017-05-24 11:43:10启动WXHotWordSpider
INFO:root:重复启动爬虫的时间间隔为：1.0
INFO:root:2017-05-24 11:44:46抓取完毕
INFO:root:将等待1.0小时,即在2017-05-24 12:44:46再次启动。
INFO:root:----------------------------------------------------------------------------------------------------------------
INFO:root:----------------------------------------------------------------------------------------------------------------
INFO:root:----------------------------------------------------------------------------------------------------------------
INFO:root:2017-05-24 12:44:46启动WXHotWordSpider
INFO:root:重复启动爬虫的时间间隔为：1.0
INFO:root:2017-05-24 12:46:22抓取完毕
INFO:root:将等待1.0小时,即在2017-05-24 13:46:22再次启动。
INFO:root:----------------------------------------------------------------------------------------------------------------
INFO:root:----------------------------------------------------------------------------------------------------------------
INFO:root:----------------------------------------------------------------------------------------------------------------
