2017-04-22 11:04:52 [scrapy.utils.log] INFO: Scrapy 1.3.2 started (bot: weixin)
2017-04-22 11:04:52 [scrapy.utils.log] INFO: Overridden settings: {'BOT_NAME': 'weixin', 'CONCURRENT_REQUESTS': 4, 'CONCURRENT_REQUESTS_PER_DOMAIN': 4, 'COOKIES_ENABLED': False, 'DEPTH_LIMIT': 2, 'DOWNLOAD_DELAY': 5, 'DOWNLOAD_TIMEOUT': 10, 'LOG_FILE': 'logs/wxMediaSpiderInfologger.log', 'NEWSPIDER_MODULE': 'weixin.spiders', 'SPIDER_MODULES': ['weixin.spiders']}
2017-04-22 11:04:52 [scrapy.middleware] INFO: Enabled extensions:
['scrapy.extensions.corestats.CoreStats',
 'scrapy.extensions.telnet.TelnetConsole',
 'scrapy.extensions.logstats.LogStats']
2017-04-22 11:04:52 [wxMediaSpider] INFO: Reading start URLs from redis key 'WXMedia:urls' (batch size: 4, encoding: utf-8
2017-04-22 11:04:52 [py.warnings] WARNING: D:\Anaconda3\lib\site-packages\scrapy\utils\deprecate.py:156: ScrapyDeprecationWarning: `scrapy.contrib.downloadermiddleware.useragent.UserAgentMiddleware` class is deprecated, use `scrapy.downloadermiddlewares.useragent.UserAgentMiddleware` instead
  ScrapyDeprecationWarning)

2017-04-22 11:04:52 [py.warnings] WARNING: D:\PyCharm\scrapyworm\weixin\weixin\middlewares.py:17: ScrapyDeprecationWarning: Module `scrapy.log` has been deprecated, Scrapy now relies on the builtin Python library for logging. Read the updated logging entry in the documentation to learn more.
  from scrapy import log

2017-04-22 11:04:52 [py.warnings] WARNING: D:\PyCharm\scrapyworm\weixin\weixin\middlewares.py:19: ScrapyDeprecationWarning: Module `scrapy.contrib.downloadermiddleware.httpproxy` is deprecated, use `scrapy.downloadermiddlewares.httpproxy` instead
  from scrapy.contrib.downloadermiddleware.httpproxy import HttpProxyMiddleware

2017-04-22 11:04:52 [scrapy.middleware] INFO: Enabled downloader middlewares:
['weixin.middlewares.RandomUserAgentMiddleware',
 'scrapy.downloadermiddlewares.httpauth.HttpAuthMiddleware',
 'scrapy.downloadermiddlewares.downloadtimeout.DownloadTimeoutMiddleware',
 'scrapy.downloadermiddlewares.defaultheaders.DefaultHeadersMiddleware',
 'scrapy.downloadermiddlewares.retry.RetryMiddleware',
 'scrapy.downloadermiddlewares.redirect.MetaRefreshMiddleware',
 'scrapy.downloadermiddlewares.httpcompression.HttpCompressionMiddleware',
 'scrapy.downloadermiddlewares.redirect.RedirectMiddleware',
 'scrapy.downloadermiddlewares.stats.DownloaderStats']
2017-04-22 11:04:52 [scrapy.middleware] INFO: Enabled spider middlewares:
['scrapy.spidermiddlewares.httperror.HttpErrorMiddleware',
 'scrapy.spidermiddlewares.offsite.OffsiteMiddleware',
 'scrapy.spidermiddlewares.referer.RefererMiddleware',
 'scrapy.spidermiddlewares.urllength.UrlLengthMiddleware',
 'scrapy.spidermiddlewares.depth.DepthMiddleware']
2017-04-22 11:04:52 [py.warnings] WARNING: D:\PyCharm\scrapyworm\weixin\weixin\pipelines.py:15: ScrapyDeprecationWarning: Importing from scrapy.xlib.pydispatch is deprecated and will no longer be supported in future Scrapy versions. If you just want to connect signals use the from_crawler class method, otherwise import pydispatch directly if needed. See: https://github.com/scrapy/scrapy/issues/1762
  from scrapy.xlib.pydispatch import dispatcher

2017-04-22 11:04:52 [scrapy.middleware] INFO: Enabled item pipelines:
['weixin.pipelines.JsonWritePipeline_MediaSpider']
2017-04-22 11:04:52 [scrapy.core.engine] INFO: Spider opened
2017-04-22 11:04:52 [scrapy.extensions.logstats] INFO: Crawled 0 pages (at 0 pages/min), scraped 0 items (at 0 items/min)
2017-04-22 11:04:52 [scrapy.extensions.telnet] DEBUG: Telnet console listening on 127.0.0.1:6024
